<?xml version="1.0" encoding="UTF-8"?>
<!-- Generated by org.testng.reporters.JUnitXMLReporter -->
<testsuite ignored="0" hostname="ANKUSH1111" failures="1" tests="50" name="Test" time="681.253" errors="0" timestamp="2025-06-01T14:13:37 IST">
  <testcase classname="com.test.demoqa.PracticeFormTest" name="fillPracticeFormTest" time="33.061"/>
  <testcase classname="com.test.demoqa.TextBoxTest" name="verifyTextBoxFormSubmission" time="75.453"/>
  <testcase classname="com.test.demoqa.PracticeFormTestUsingJsonFile" name="fillPracticeFormTest" time="89.406"/>
  <testcase classname="com.test.demoqa.TextBoxTest" name="verifyTextBoxFormSubmission" time="8.105"/>
  <testcase classname="com.test.demoqa.PracticeFormTestUsingJsonFile" name="fillPracticeFormTest" time="30.065"/>
  <testcase classname="com.test.demoqa.TextBoxTest" name="verifyTextBoxFormSubmission" time="10.253"/>
  <testcase classname="com.test.demoqa.PracticeFormTestUsingJsonFile" name="fillPracticeFormTest" time="29.736"/>
  <testcase classname="com.test.demoqa.TextBoxTest" name="verifyTextBoxFormSubmission" time="18.02"/>
  <testcase classname="com.test.demoqa.PracticeFormTest" name="fillPracticeFormTest" time="130.608"/>
  <testcase classname="com.test.demoqa.PracticeFormTestUsingJsonFile" name="fillPracticeFormTest" time="18.257"/>
  <testcase classname="com.test.demoqa.TextBoxTest" name="verifyTextBoxFormSubmission" time="7.24"/>
  <testcase classname="com.test.demoqa.PracticeFormTestUsingJsonFile" name="fillPracticeFormTest" time="19.312"/>
  <testcase classname="com.test.demoqa.TextBoxTest" name="verifyTextBoxFormSubmission" time="7.281"/>
  <testcase classname="com.test.demoqa.PracticeFormTest" name="fillPracticeFormTest" time="30.842"/>
  <testcase classname="com.test.demoqa.TextBoxTestUsingJsonFile" name="verifyTextBoxFormSubmission" time="180.035">
    <failure type="org.openqa.selenium.TimeoutException" message="java.util.concurrent.TimeoutException
Build info: version: &amp;apos;4.12.1&amp;apos;, revision: &amp;apos;8e34639b11&amp;apos;
System info: os.name: &amp;apos;Windows 11&amp;apos;, os.arch: &amp;apos;amd64&amp;apos;, os.version: &amp;apos;10.0&amp;apos;, java.version: &amp;apos;18.0.1.1&amp;apos;
Driver info: org.openqa.selenium.chrome.ChromeDriver
Command: [8eed06a5d5c82986cbc5ab40cb4361f0, get {url=https://demoqa.com/text-box}]
Capabilities {acceptInsecureCerts: false, browserName: chrome, browserVersion: 136.0.7103.114, chrome: {chromedriverVersion: 136.0.7103.113 (76fa3c17824..., userDataDir: C:\Users\HP\AppData\Local\T...}, fedcm:accounts: true, goog:chromeOptions: {debuggerAddress: localhost:55926}, networkConnectionEnabled: false, pageLoadStrategy: normal, platformName: windows, proxy: Proxy(), se:cdp: ws://localhost:55926/devtoo..., se:cdpVersion: 136.0.7103.114, setWindowRect: true, strictFileInteractability: false, timeouts: {implicit: 0, pageLoad: 300000, script: 30000}, unhandledPromptBehavior: dismiss and notify, webauthn:extension:credBlob: true, webauthn:extension:largeBlob: true, webauthn:extension:minPinLength: true, webauthn:extension:prf: true, webauthn:virtualAuthenticators: true}
Session ID: 8eed06a5d5c82986cbc5ab40cb4361f0">
      <![CDATA[org.openqa.selenium.TimeoutException: java.util.concurrent.TimeoutException
Build info: version: '4.12.1', revision: '8e34639b11'
System info: os.name: 'Windows 11', os.arch: 'amd64', os.version: '10.0', java.version: '18.0.1.1'
Driver info: org.openqa.selenium.chrome.ChromeDriver
Command: [8eed06a5d5c82986cbc5ab40cb4361f0, get {url=https://demoqa.com/text-box}]
Capabilities {acceptInsecureCerts: false, browserName: chrome, browserVersion: 136.0.7103.114, chrome: {chromedriverVersion: 136.0.7103.113 (76fa3c17824..., userDataDir: C:\Users\HP\AppData\Local\T...}, fedcm:accounts: true, goog:chromeOptions: {debuggerAddress: localhost:55926}, networkConnectionEnabled: false, pageLoadStrategy: normal, platformName: windows, proxy: Proxy(), se:cdp: ws://localhost:55926/devtoo..., se:cdpVersion: 136.0.7103.114, setWindowRect: true, strictFileInteractability: false, timeouts: {implicit: 0, pageLoad: 300000, script: 30000}, unhandledPromptBehavior: dismiss and notify, webauthn:extension:credBlob: true, webauthn:extension:largeBlob: true, webauthn:extension:minPinLength: true, webauthn:extension:prf: true, webauthn:virtualAuthenticators: true}
Session ID: 8eed06a5d5c82986cbc5ab40cb4361f0
at org.openqa.selenium.remote.http.netty.NettyHttpHandler.makeCall(NettyHttpHandler.java:65)
at org.openqa.selenium.remote.http.AddSeleniumUserAgent.lambda$apply$0(AddSeleniumUserAgent.java:42)
at org.openqa.selenium.remote.http.Filter.lambda$andFinally$1(Filter.java:55)
at org.openqa.selenium.remote.http.netty.NettyHttpHandler.execute(NettyHttpHandler.java:48)
at org.openqa.selenium.remote.http.netty.NettyClient.execute(NettyClient.java:96)
at org.openqa.selenium.remote.HttpCommandExecutor.execute(HttpCommandExecutor.java:188)
at org.openqa.selenium.remote.service.DriverCommandExecutor.invokeExecute(DriverCommandExecutor.java:196)
at org.openqa.selenium.remote.service.DriverCommandExecutor.execute(DriverCommandExecutor.java:171)
at org.openqa.selenium.remote.RemoteWebDriver.execute(RemoteWebDriver.java:602)
at org.openqa.selenium.remote.RemoteWebDriver.get(RemoteWebDriver.java:304)
at org.openqa.selenium.remote.RemoteWebDriver$RemoteNavigation.to(RemoteWebDriver.java:1091)
at com.test.demoqa.TextBoxTestUsingJsonFile.verifyTextBoxFormSubmission(TextBoxTestUsingJsonFile.java:39)
at java.base/java.util.concurrent.Executors$RunnableAdapter.call(Executors.java:539)
at java.base/java.util.concurrent.FutureTask.run(FutureTask.java:264)
at java.base/java.util.concurrent.ThreadPoolExecutor.runWorker(ThreadPoolExecutor.java:1136)
at java.base/java.util.concurrent.ThreadPoolExecutor$Worker.run(ThreadPoolExecutor.java:635)
at java.base/java.lang.Thread.run(Thread.java:833)
Caused by: java.util.concurrent.TimeoutException
at java.base/java.util.concurrent.CompletableFuture.timedGet(CompletableFuture.java:1960)
at java.base/java.util.concurrent.CompletableFuture.get(CompletableFuture.java:2095)
at org.asynchttpclient.netty.NettyResponseFuture.get(NettyResponseFuture.java:206)
at org.openqa.selenium.remote.http.netty.NettyHttpHandler.makeCall(NettyHttpHandler.java:59)
... 27 more
... Removed 11 stack frames]]>
    </failure>
  </testcase> <!-- verifyTextBoxFormSubmission -->
  <testcase classname="com.test.demoqa.TextBoxTest" name="verifyTextBoxFormSubmission" time="7.107"/>
  <testcase classname="com.test.demoqa.PracticeFormTest" name="fillPracticeFormTest" time="33.159"/>
  <testcase classname="com.test.demoqa.TextBoxTestUsingJsonFile" name="verifyTextBoxFormSubmission" time="24.851"/>
  <testcase classname="com.test.demoqa.TextBoxTest" name="verifyTextBoxFormSubmission" time="6.624"/>
  <testcase classname="com.test.demoqa.PracticeFormTest" name="fillPracticeFormTest" time="14.866"/>
  <testcase classname="com.test.demoqa.TextBoxTest" name="verifyTextBoxFormSubmission" time="6.517"/>
  <testcase classname="com.test.demoqa.TextBoxTest" name="verifyTextBoxFormSubmission" time="3.165"/>
  <testcase classname="com.test.demoqa.TextBoxTest" name="verifyTextBoxFormSubmission" time="7.53"/>
  <testcase classname="com.test.demoqa.TextBoxTestUsingJsonFile" name="verifyTextBoxFormSubmission" time="36.596"/>
  <testcase classname="com.test.demoqa.TextBoxTest" name="verifyTextBoxFormSubmission" time="5.687"/>
  <testcase classname="com.test.demoqa.TextBoxTestUsingJsonFile" name="verifyTextBoxFormSubmission" time="3.328"/>
  <testcase classname="com.test.demoqa.TextBoxTest" name="verifyTextBoxFormSubmission" time="3.892"/>
  <testcase classname="com.test.demoqa.TextBoxTestUsingJsonFile" name="verifyTextBoxFormSubmission" time="14.561"/>
  <testcase classname="com.test.demoqa.TextBoxTest" name="verifyTextBoxFormSubmission" time="4.485"/>
  <testcase classname="com.test.demoqa.TextBoxTestUsingJsonFile" name="verifyTextBoxFormSubmission" time="7.194"/>
  <testcase classname="com.test.demoqa.TextBoxTest" name="verifyTextBoxFormSubmission" time="4.316"/>
  <testcase classname="com.test.demoqa.TextBoxTestUsingJsonFile" name="verifyTextBoxFormSubmission" time="6.598"/>
  <testcase classname="com.test.demoqa.TextBoxTest" name="verifyTextBoxFormSubmission" time="5.554"/>
  <testcase classname="com.test.demoqa.TextBoxTestUsingJsonFile" name="verifyTextBoxFormSubmission" time="2.876"/>
  <testcase classname="com.test.demoqa.TextBoxTest" name="verifyTextBoxFormSubmission" time="2.561"/>
  <testcase classname="com.test.demoqa.TextBoxTestUsingJsonFile" name="verifyTextBoxFormSubmission" time="3.633"/>
  <testcase classname="com.test.demoqa.TextBoxTest" name="verifyTextBoxFormSubmission" time="2.58"/>
  <testcase classname="com.test.demoqa.TextBoxTest" name="verifyTextBoxFormSubmission" time="4.035"/>
  <testcase classname="com.test.demoqa.TextBoxTestUsingJsonFile" name="verifyTextBoxFormSubmission" time="6.942"/>
  <testcase classname="com.test.demoqa.TextBoxTest" name="verifyTextBoxFormSubmission" time="3.911"/>
  <testcase classname="com.test.demoqa.TextBoxTestUsingJsonFile" name="verifyTextBoxFormSubmission" time="12.027"/>
  <testcase classname="com.test.demoqa.TextBoxTestUsingJsonFile" name="verifyTextBoxFormSubmission" time="3.217"/>
  <testcase classname="com.test.demoqa.TextBoxTestUsingJsonFile" name="verifyTextBoxFormSubmission" time="2.477"/>
  <testcase classname="com.test.demoqa.TextBoxTestUsingJsonFile" name="verifyTextBoxFormSubmission" time="2.353"/>
  <testcase classname="com.test.demoqa.TextBoxTestUsingJsonFile" name="verifyTextBoxFormSubmission" time="2.609"/>
  <testcase classname="com.test.demoqa.TextBoxTestUsingJsonFile" name="verifyTextBoxFormSubmission" time="3.064"/>
  <testcase classname="com.test.demoqa.TextBoxTestUsingJsonFile" name="verifyTextBoxFormSubmission" time="2.262"/>
  <testcase classname="com.test.demoqa.TextBoxTestUsingJsonFile" name="verifyTextBoxFormSubmission" time="2.593"/>
  <testcase classname="com.test.demoqa.TextBoxTestUsingJsonFile" name="verifyTextBoxFormSubmission" time="2.199"/>
  <testcase classname="com.test.demoqa.TextBoxTestUsingJsonFile" name="verifyTextBoxFormSubmission" time="2.317"/>
</testsuite> <!-- Test -->
